<?xml version="1.0" encoding="UTF-8"?>
<robot generator="Robot 5.0.1 (Python 3.10.5 on win32)" generated="20220716 15:35:29.747" rpa="false" schemaversion="3">
<suite id="s1" name="TestAutomation" source="C:\Users\f.bahramnejad\Desktop\TestAutomation">
<suite id="s1-s1" name="Web" source="C:\Users\f.bahramnejad\Desktop\TestAutomation\web">
<suite id="s1-s1-s1" name="App" source="C:\Users\f.bahramnejad\Desktop\TestAutomation\web\app">
<suite id="s1-s1-s1-s1" name="Features" source="C:\Users\f.bahramnejad\Desktop\TestAutomation\web\app\features">
<suite id="s1-s1-s1-s1-s1" name="cardManagement" source="C:\Users\f.bahramnejad\Desktop\TestAutomation\web\app\features\cardManagement.robot">
<test id="s1-s1-s1-s1-s1-t1" name="Add a valid card to my cards in card management" line="16">
<kw name="Given User is in setting page" library="cardManagement_steps">
<kw name=" Click on setting in homepage" library="cardManagement_helper">
<kw name="Create Webdriver" library="Selenium2Library">
<arg>Chrome</arg>
<arg>executable_path=C:\\Users\\f.bahramnejad\\Desktop\\TestAutomation\\web\\app\\helpers${/}../../../lib/chromedriver.exe</arg>
<doc>Creates an instance of Selenium WebDriver.</doc>
<msg timestamp="20220716 15:35:30.136" level="INFO">Creating an instance of the Chrome WebDriver.</msg>
<msg timestamp="20220716 15:35:30.164" level="INFO">Cannot capture screenshot because no browser is open.</msg>
<msg timestamp="20220716 15:35:30.165" level="FAIL">WebDriverException: Message: 'chromedriver.exe' executable needs to be in PATH. Please see https://sites.google.com/a/chromium.org/chromedriver/home
</msg>
<status status="FAIL" starttime="20220716 15:35:30.135" endtime="20220716 15:35:30.168"/>
</kw>
<kw name="Go To" library="Selenium2Library">
<arg>https://app.mydigipay.com/</arg>
<doc>Navigates the current browser window to the provided ``url``.</doc>
<status status="NOT RUN" starttime="20220716 15:35:30.168" endtime="20220716 15:35:30.168"/>
</kw>
<kw name="Sleep" library="BuiltIn">
<arg>25</arg>
<doc>Pauses the test executed for the given time.</doc>
<status status="NOT RUN" starttime="20220716 15:35:30.169" endtime="20220716 15:35:30.169"/>
</kw>
<kw name="Click Element" library="Selenium2Library">
<arg>${setting_page}</arg>
<doc>Click the element identified by ``locator``.</doc>
<status status="NOT RUN" starttime="20220716 15:35:30.169" endtime="20220716 15:35:30.169"/>
</kw>
<status status="FAIL" starttime="20220716 15:35:30.135" endtime="20220716 15:35:30.169"/>
</kw>
<status status="FAIL" starttime="20220716 15:35:30.134" endtime="20220716 15:35:30.170"/>
</kw>
<kw name="When User navigates to setting page&gt;card management&gt; &quot;کارتهای من&quot; , tries to add new card, enters valid card data and clicks on inquiry button" library="cardManagement_steps">
<arg>${card_num}</arg>
<arg>${expire_year}</arg>
<arg>${expire_month}</arg>
<status status="NOT RUN" starttime="20220716 15:35:30.171" endtime="20220716 15:35:30.171"/>
</kw>
<kw name="And User confirms card" library="cardManagement_steps">
<status status="NOT RUN" starttime="20220716 15:35:30.171" endtime="20220716 15:35:30.171"/>
</kw>
<kw name="Then User will see new card in saved cards" library="cardManagement_steps">
<arg>${card_num}</arg>
<arg>${expire_year}</arg>
<arg>${expire_month}</arg>
<arg>${card_owner}</arg>
<status status="NOT RUN" starttime="20220716 15:35:30.172" endtime="20220716 15:35:30.172"/>
</kw>
<kw name="And User will see proper message" library="cardManagement_steps">
<arg>${success_msg}</arg>
<status status="NOT RUN" starttime="20220716 15:35:30.172" endtime="20220716 15:35:30.172"/>
</kw>
<kw name="Close All Browsers" library="Selenium2Library" type="TEARDOWN">
<doc>Closes all open browsers and resets the browser cache.</doc>
<status status="PASS" starttime="20220716 15:35:30.173" endtime="20220716 15:35:30.173"/>
</kw>
<tag>login</tag>
<status status="FAIL" starttime="20220716 15:35:30.133" endtime="20220716 15:35:30.174">WebDriverException: Message: 'chromedriver.exe' executable needs to be in PATH. Please see https://sites.google.com/a/chromium.org/chromedriver/home
</status>
</test>
<test id="s1-s1-s1-s1-s1-t2" name="Add a card with invalid card number to my cards in card management" line="23">
<kw name="Given User is in setting page" library="cardManagement_steps">
<kw name=" Click on setting in homepage" library="cardManagement_helper">
<kw name="Create Webdriver" library="Selenium2Library">
<arg>Chrome</arg>
<arg>executable_path=C:\\Users\\f.bahramnejad\\Desktop\\TestAutomation\\web\\app\\helpers${/}../../../lib/chromedriver.exe</arg>
<doc>Creates an instance of Selenium WebDriver.</doc>
<msg timestamp="20220716 15:35:30.179" level="INFO">Creating an instance of the Chrome WebDriver.</msg>
<msg timestamp="20220716 15:35:30.180" level="INFO">Cannot capture screenshot because no browser is open.</msg>
<msg timestamp="20220716 15:35:30.180" level="FAIL">WebDriverException: Message: 'chromedriver.exe' executable needs to be in PATH. Please see https://sites.google.com/a/chromium.org/chromedriver/home
</msg>
<status status="FAIL" starttime="20220716 15:35:30.178" endtime="20220716 15:35:30.181"/>
</kw>
<kw name="Go To" library="Selenium2Library">
<arg>https://app.mydigipay.com/</arg>
<doc>Navigates the current browser window to the provided ``url``.</doc>
<status status="NOT RUN" starttime="20220716 15:35:30.182" endtime="20220716 15:35:30.182"/>
</kw>
<kw name="Sleep" library="BuiltIn">
<arg>25</arg>
<doc>Pauses the test executed for the given time.</doc>
<status status="NOT RUN" starttime="20220716 15:35:30.182" endtime="20220716 15:35:30.182"/>
</kw>
<kw name="Click Element" library="Selenium2Library">
<arg>${setting_page}</arg>
<doc>Click the element identified by ``locator``.</doc>
<status status="NOT RUN" starttime="20220716 15:35:30.182" endtime="20220716 15:35:30.182"/>
</kw>
<status status="FAIL" starttime="20220716 15:35:30.178" endtime="20220716 15:35:30.183"/>
</kw>
<status status="FAIL" starttime="20220716 15:35:30.178" endtime="20220716 15:35:30.183"/>
</kw>
<kw name="When User navigates to setting page&gt;card management&gt; &quot;کارتهای من&quot; , tries to add new card, enters invalid card number, enters expiration date and clicks on inquiry button" library="cardManagement_steps">
<arg>${invalid_card_num}</arg>
<arg>${expire_year}</arg>
<arg>${expire_month}</arg>
<status status="NOT RUN" starttime="20220716 15:35:30.184" endtime="20220716 15:35:30.184"/>
</kw>
<kw name="Then User will see proper message" library="cardManagement_steps">
<arg>${invalid_card_num_error_msg}</arg>
<status status="NOT RUN" starttime="20220716 15:35:30.185" endtime="20220716 15:35:30.185"/>
</kw>
<kw name="Close All Browsers" library="Selenium2Library" type="TEARDOWN">
<doc>Closes all open browsers and resets the browser cache.</doc>
<status status="PASS" starttime="20220716 15:35:30.185" endtime="20220716 15:35:30.185"/>
</kw>
<tag>login</tag>
<status status="FAIL" starttime="20220716 15:35:30.177" endtime="20220716 15:35:30.186">WebDriverException: Message: 'chromedriver.exe' executable needs to be in PATH. Please see https://sites.google.com/a/chromium.org/chromedriver/home
</status>
</test>
<test id="s1-s1-s1-s1-s1-t3" name="Add a card my cards in card management with empty card number" line="28">
<kw name="Given User is in setting page" library="cardManagement_steps">
<kw name=" Click on setting in homepage" library="cardManagement_helper">
<kw name="Create Webdriver" library="Selenium2Library">
<arg>Chrome</arg>
<arg>executable_path=C:\\Users\\f.bahramnejad\\Desktop\\TestAutomation\\web\\app\\helpers${/}../../../lib/chromedriver.exe</arg>
<doc>Creates an instance of Selenium WebDriver.</doc>
<msg timestamp="20220716 15:35:30.192" level="INFO">Creating an instance of the Chrome WebDriver.</msg>
<msg timestamp="20220716 15:35:30.193" level="INFO">Cannot capture screenshot because no browser is open.</msg>
<msg timestamp="20220716 15:35:30.194" level="FAIL">WebDriverException: Message: 'chromedriver.exe' executable needs to be in PATH. Please see https://sites.google.com/a/chromium.org/chromedriver/home
</msg>
<status status="FAIL" starttime="20220716 15:35:30.191" endtime="20220716 15:35:30.195"/>
</kw>
<kw name="Go To" library="Selenium2Library">
<arg>https://app.mydigipay.com/</arg>
<doc>Navigates the current browser window to the provided ``url``.</doc>
<status status="NOT RUN" starttime="20220716 15:35:30.195" endtime="20220716 15:35:30.195"/>
</kw>
<kw name="Sleep" library="BuiltIn">
<arg>25</arg>
<doc>Pauses the test executed for the given time.</doc>
<status status="NOT RUN" starttime="20220716 15:35:30.195" endtime="20220716 15:35:30.195"/>
</kw>
<kw name="Click Element" library="Selenium2Library">
<arg>${setting_page}</arg>
<doc>Click the element identified by ``locator``.</doc>
<status status="NOT RUN" starttime="20220716 15:35:30.195" endtime="20220716 15:35:30.195"/>
</kw>
<status status="FAIL" starttime="20220716 15:35:30.191" endtime="20220716 15:35:30.196"/>
</kw>
<status status="FAIL" starttime="20220716 15:35:30.190" endtime="20220716 15:35:30.197"/>
</kw>
<kw name="When User navigates to setting page&gt;card management&gt; &quot;کارتهای من&quot;, tries to add new card, leaves card number empty, enters expiration date" library="cardManagement_steps">
<arg>${expire_year}</arg>
<arg>${expire_month}</arg>
<status status="NOT RUN" starttime="20220716 15:35:30.197" endtime="20220716 15:35:30.197"/>
</kw>
<kw name="Then Inquiry button is not interactable" library="cardManagement_steps">
<status status="NOT RUN" starttime="20220716 15:35:30.198" endtime="20220716 15:35:30.198"/>
</kw>
<kw name="Close All Browsers" library="Selenium2Library" type="TEARDOWN">
<doc>Closes all open browsers and resets the browser cache.</doc>
<status status="PASS" starttime="20220716 15:35:30.199" endtime="20220716 15:35:30.199"/>
</kw>
<tag>login</tag>
<status status="FAIL" starttime="20220716 15:35:30.189" endtime="20220716 15:35:30.200">WebDriverException: Message: 'chromedriver.exe' executable needs to be in PATH. Please see https://sites.google.com/a/chromium.org/chromedriver/home
</status>
</test>
<test id="s1-s1-s1-s1-s1-t4" name="Add a card to my cards in card management with empty card number" line="33">
<kw name="Given User is in setting page" library="cardManagement_steps">
<kw name=" Click on setting in homepage" library="cardManagement_helper">
<kw name="Create Webdriver" library="Selenium2Library">
<arg>Chrome</arg>
<arg>executable_path=C:\\Users\\f.bahramnejad\\Desktop\\TestAutomation\\web\\app\\helpers${/}../../../lib/chromedriver.exe</arg>
<doc>Creates an instance of Selenium WebDriver.</doc>
<msg timestamp="20220716 15:35:30.205" level="INFO">Creating an instance of the Chrome WebDriver.</msg>
<msg timestamp="20220716 15:35:30.206" level="INFO">Cannot capture screenshot because no browser is open.</msg>
<msg timestamp="20220716 15:35:30.207" level="FAIL">WebDriverException: Message: 'chromedriver.exe' executable needs to be in PATH. Please see https://sites.google.com/a/chromium.org/chromedriver/home
</msg>
<status status="FAIL" starttime="20220716 15:35:30.205" endtime="20220716 15:35:30.207"/>
</kw>
<kw name="Go To" library="Selenium2Library">
<arg>https://app.mydigipay.com/</arg>
<doc>Navigates the current browser window to the provided ``url``.</doc>
<status status="NOT RUN" starttime="20220716 15:35:30.208" endtime="20220716 15:35:30.208"/>
</kw>
<kw name="Sleep" library="BuiltIn">
<arg>25</arg>
<doc>Pauses the test executed for the given time.</doc>
<status status="NOT RUN" starttime="20220716 15:35:30.208" endtime="20220716 15:35:30.208"/>
</kw>
<kw name="Click Element" library="Selenium2Library">
<arg>${setting_page}</arg>
<doc>Click the element identified by ``locator``.</doc>
<status status="NOT RUN" starttime="20220716 15:35:30.208" endtime="20220716 15:35:30.209"/>
</kw>
<status status="FAIL" starttime="20220716 15:35:30.205" endtime="20220716 15:35:30.209"/>
</kw>
<status status="FAIL" starttime="20220716 15:35:30.204" endtime="20220716 15:35:30.210"/>
</kw>
<kw name="When User navigates to setting page&gt;card management&gt; &quot;کارتهای من&quot;, tries to add new card, enters card number, leaves expiration date empty" library="cardManagement_steps">
<arg>${card_num}</arg>
<status status="NOT RUN" starttime="20220716 15:35:30.211" endtime="20220716 15:35:30.211"/>
</kw>
<kw name="Then Inquiry button is not interactable" library="cardManagement_steps">
<status status="NOT RUN" starttime="20220716 15:35:30.211" endtime="20220716 15:35:30.211"/>
</kw>
<kw name="Close All Browsers" library="Selenium2Library" type="TEARDOWN">
<doc>Closes all open browsers and resets the browser cache.</doc>
<status status="PASS" starttime="20220716 15:35:30.212" endtime="20220716 15:35:30.212"/>
</kw>
<tag>login</tag>
<status status="FAIL" starttime="20220716 15:35:30.203" endtime="20220716 15:35:30.212">WebDriverException: Message: 'chromedriver.exe' executable needs to be in PATH. Please see https://sites.google.com/a/chromium.org/chromedriver/home
</status>
</test>
<test id="s1-s1-s1-s1-s1-t5" name="Add card to useful Cards" line="39">
<kw name="Given User is in setting page" library="cardManagement_steps">
<kw name=" Click on setting in homepage" library="cardManagement_helper">
<kw name="Create Webdriver" library="Selenium2Library">
<arg>Chrome</arg>
<arg>executable_path=C:\\Users\\f.bahramnejad\\Desktop\\TestAutomation\\web\\app\\helpers${/}../../../lib/chromedriver.exe</arg>
<doc>Creates an instance of Selenium WebDriver.</doc>
<msg timestamp="20220716 15:35:30.219" level="INFO">Creating an instance of the Chrome WebDriver.</msg>
<msg timestamp="20220716 15:35:30.219" level="INFO">Cannot capture screenshot because no browser is open.</msg>
<msg timestamp="20220716 15:35:30.220" level="FAIL">WebDriverException: Message: 'chromedriver.exe' executable needs to be in PATH. Please see https://sites.google.com/a/chromium.org/chromedriver/home
</msg>
<status status="FAIL" starttime="20220716 15:35:30.218" endtime="20220716 15:35:30.221"/>
</kw>
<kw name="Go To" library="Selenium2Library">
<arg>https://app.mydigipay.com/</arg>
<doc>Navigates the current browser window to the provided ``url``.</doc>
<status status="NOT RUN" starttime="20220716 15:35:30.221" endtime="20220716 15:35:30.221"/>
</kw>
<kw name="Sleep" library="BuiltIn">
<arg>25</arg>
<doc>Pauses the test executed for the given time.</doc>
<status status="NOT RUN" starttime="20220716 15:35:30.221" endtime="20220716 15:35:30.221"/>
</kw>
<kw name="Click Element" library="Selenium2Library">
<arg>${setting_page}</arg>
<doc>Click the element identified by ``locator``.</doc>
<status status="NOT RUN" starttime="20220716 15:35:30.222" endtime="20220716 15:35:30.222"/>
</kw>
<status status="FAIL" starttime="20220716 15:35:30.218" endtime="20220716 15:35:30.222"/>
</kw>
<status status="FAIL" starttime="20220716 15:35:30.218" endtime="20220716 15:35:30.223"/>
</kw>
<kw name="When User navigates to setting page&gt;card management&gt; &quot;کارتهای من&quot; tab and tries to add a card to useful cards" library="cardManagement_steps">
<arg>${card_num}</arg>
<status status="NOT RUN" starttime="20220716 15:35:30.224" endtime="20220716 15:35:30.224"/>
</kw>
<kw name="Then Card will add to useful cards" library="cardManagement_steps">
<arg>${card_num}</arg>
<status status="NOT RUN" starttime="20220716 15:35:30.224" endtime="20220716 15:35:30.224"/>
</kw>
<kw name="And User will see proper message" library="cardManagement_steps">
<arg>${success_message}</arg>
<status status="NOT RUN" starttime="20220716 15:35:30.224" endtime="20220716 15:35:30.224"/>
</kw>
<kw name="Close All Browsers" library="Selenium2Library" type="TEARDOWN">
<doc>Closes all open browsers and resets the browser cache.</doc>
<status status="PASS" starttime="20220716 15:35:30.225" endtime="20220716 15:35:30.225"/>
</kw>
<tag>login</tag>
<status status="FAIL" starttime="20220716 15:35:30.216" endtime="20220716 15:35:30.226">WebDriverException: Message: 'chromedriver.exe' executable needs to be in PATH. Please see https://sites.google.com/a/chromium.org/chromedriver/home
</status>
</test>
<test id="s1-s1-s1-s1-s1-t6" name="Delete card from useful Cards" line="46">
<kw name="Given User is in setting page" library="cardManagement_steps">
<kw name=" Click on setting in homepage" library="cardManagement_helper">
<kw name="Create Webdriver" library="Selenium2Library">
<arg>Chrome</arg>
<arg>executable_path=C:\\Users\\f.bahramnejad\\Desktop\\TestAutomation\\web\\app\\helpers${/}../../../lib/chromedriver.exe</arg>
<doc>Creates an instance of Selenium WebDriver.</doc>
<msg timestamp="20220716 15:35:30.231" level="INFO">Creating an instance of the Chrome WebDriver.</msg>
<msg timestamp="20220716 15:35:30.232" level="INFO">Cannot capture screenshot because no browser is open.</msg>
<msg timestamp="20220716 15:35:30.232" level="FAIL">WebDriverException: Message: 'chromedriver.exe' executable needs to be in PATH. Please see https://sites.google.com/a/chromium.org/chromedriver/home
</msg>
<status status="FAIL" starttime="20220716 15:35:30.231" endtime="20220716 15:35:30.233"/>
</kw>
<kw name="Go To" library="Selenium2Library">
<arg>https://app.mydigipay.com/</arg>
<doc>Navigates the current browser window to the provided ``url``.</doc>
<status status="NOT RUN" starttime="20220716 15:35:30.234" endtime="20220716 15:35:30.234"/>
</kw>
<kw name="Sleep" library="BuiltIn">
<arg>25</arg>
<doc>Pauses the test executed for the given time.</doc>
<status status="NOT RUN" starttime="20220716 15:35:30.234" endtime="20220716 15:35:30.234"/>
</kw>
<kw name="Click Element" library="Selenium2Library">
<arg>${setting_page}</arg>
<doc>Click the element identified by ``locator``.</doc>
<status status="NOT RUN" starttime="20220716 15:35:30.234" endtime="20220716 15:35:30.234"/>
</kw>
<status status="FAIL" starttime="20220716 15:35:30.230" endtime="20220716 15:35:30.235"/>
</kw>
<status status="FAIL" starttime="20220716 15:35:30.230" endtime="20220716 15:35:30.235"/>
</kw>
<kw name="When User navigates to setting page&gt;card management&gt; &quot;کارتهای من&quot; tab and tries to delete a card from useful cards" library="cardManagement_steps">
<arg>${card_num}</arg>
<status status="NOT RUN" starttime="20220716 15:35:30.236" endtime="20220716 15:35:30.236"/>
</kw>
<kw name="Then Card will delete from useful cards" library="cardManagement_steps">
<arg>${card_num}</arg>
<status status="NOT RUN" starttime="20220716 15:35:30.236" endtime="20220716 15:35:30.236"/>
</kw>
<kw name="And User will see proper message" library="cardManagement_steps">
<arg>${add_to_useful_success_message}</arg>
<status status="NOT RUN" starttime="20220716 15:35:30.237" endtime="20220716 15:35:30.237"/>
</kw>
<kw name="Close All Browsers" library="Selenium2Library" type="TEARDOWN">
<doc>Closes all open browsers and resets the browser cache.</doc>
<status status="PASS" starttime="20220716 15:35:30.237" endtime="20220716 15:35:30.237"/>
</kw>
<tag>login</tag>
<status status="FAIL" starttime="20220716 15:35:30.229" endtime="20220716 15:35:30.238">WebDriverException: Message: 'chromedriver.exe' executable needs to be in PATH. Please see https://sites.google.com/a/chromium.org/chromedriver/home
</status>
</test>
<test id="s1-s1-s1-s1-s1-t7" name="Edit a card name" line="54">
<kw name="Given User is in setting page" library="cardManagement_steps">
<kw name=" Click on setting in homepage" library="cardManagement_helper">
<kw name="Create Webdriver" library="Selenium2Library">
<arg>Chrome</arg>
<arg>executable_path=C:\\Users\\f.bahramnejad\\Desktop\\TestAutomation\\web\\app\\helpers${/}../../../lib/chromedriver.exe</arg>
<doc>Creates an instance of Selenium WebDriver.</doc>
<msg timestamp="20220716 15:35:30.244" level="INFO">Creating an instance of the Chrome WebDriver.</msg>
<msg timestamp="20220716 15:35:30.245" level="INFO">Cannot capture screenshot because no browser is open.</msg>
<msg timestamp="20220716 15:35:30.246" level="FAIL">WebDriverException: Message: 'chromedriver.exe' executable needs to be in PATH. Please see https://sites.google.com/a/chromium.org/chromedriver/home
</msg>
<status status="FAIL" starttime="20220716 15:35:30.244" endtime="20220716 15:35:30.247"/>
</kw>
<kw name="Go To" library="Selenium2Library">
<arg>https://app.mydigipay.com/</arg>
<doc>Navigates the current browser window to the provided ``url``.</doc>
<status status="NOT RUN" starttime="20220716 15:35:30.247" endtime="20220716 15:35:30.247"/>
</kw>
<kw name="Sleep" library="BuiltIn">
<arg>25</arg>
<doc>Pauses the test executed for the given time.</doc>
<status status="NOT RUN" starttime="20220716 15:35:30.247" endtime="20220716 15:35:30.247"/>
</kw>
<kw name="Click Element" library="Selenium2Library">
<arg>${setting_page}</arg>
<doc>Click the element identified by ``locator``.</doc>
<status status="NOT RUN" starttime="20220716 15:35:30.248" endtime="20220716 15:35:30.248"/>
</kw>
<status status="FAIL" starttime="20220716 15:35:30.244" endtime="20220716 15:35:30.248"/>
</kw>
<status status="FAIL" starttime="20220716 15:35:30.243" endtime="20220716 15:35:30.249"/>
</kw>
<kw name="When User navigates to setting page&gt;card management&gt; &quot;کارتهای من&quot; tab and tries to edit card name" library="cardManagement_steps">
<arg>${card_num}</arg>
<arg>${new_card_name}</arg>
<status status="NOT RUN" starttime="20220716 15:35:30.250" endtime="20220716 15:35:30.250"/>
</kw>
<kw name="Then Card name will change" library="cardManagement_steps">
<arg>${card_num}</arg>
<arg>${new_card_name}</arg>
<status status="NOT RUN" starttime="20220716 15:35:30.250" endtime="20220716 15:35:30.250"/>
</kw>
<kw name="And User will see proper message" library="cardManagement_steps">
<arg>${success_msg}</arg>
<status status="NOT RUN" starttime="20220716 15:35:30.250" endtime="20220716 15:35:30.250"/>
</kw>
<kw name="Close All Browsers" library="Selenium2Library" type="TEARDOWN">
<doc>Closes all open browsers and resets the browser cache.</doc>
<status status="PASS" starttime="20220716 15:35:30.251" endtime="20220716 15:35:30.251"/>
</kw>
<tag>login</tag>
<status status="FAIL" starttime="20220716 15:35:30.242" endtime="20220716 15:35:30.252">WebDriverException: Message: 'chromedriver.exe' executable needs to be in PATH. Please see https://sites.google.com/a/chromium.org/chromedriver/home
</status>
</test>
<test id="s1-s1-s1-s1-s1-t8" name="Delete a card from my cards that is binded to a saved transaction" line="62">
<kw name="Given User is in setting page" library="cardManagement_steps">
<kw name=" Click on setting in homepage" library="cardManagement_helper">
<kw name="Create Webdriver" library="Selenium2Library">
<arg>Chrome</arg>
<arg>executable_path=C:\\Users\\f.bahramnejad\\Desktop\\TestAutomation\\web\\app\\helpers${/}../../../lib/chromedriver.exe</arg>
<doc>Creates an instance of Selenium WebDriver.</doc>
<msg timestamp="20220716 15:35:30.258" level="INFO">Creating an instance of the Chrome WebDriver.</msg>
<msg timestamp="20220716 15:35:30.259" level="INFO">Cannot capture screenshot because no browser is open.</msg>
<msg timestamp="20220716 15:35:30.260" level="FAIL">WebDriverException: Message: 'chromedriver.exe' executable needs to be in PATH. Please see https://sites.google.com/a/chromium.org/chromedriver/home
</msg>
<status status="FAIL" starttime="20220716 15:35:30.257" endtime="20220716 15:35:30.260"/>
</kw>
<kw name="Go To" library="Selenium2Library">
<arg>https://app.mydigipay.com/</arg>
<doc>Navigates the current browser window to the provided ``url``.</doc>
<status status="NOT RUN" starttime="20220716 15:35:30.261" endtime="20220716 15:35:30.261"/>
</kw>
<kw name="Sleep" library="BuiltIn">
<arg>25</arg>
<doc>Pauses the test executed for the given time.</doc>
<status status="NOT RUN" starttime="20220716 15:35:30.261" endtime="20220716 15:35:30.261"/>
</kw>
<kw name="Click Element" library="Selenium2Library">
<arg>${setting_page}</arg>
<doc>Click the element identified by ``locator``.</doc>
<status status="NOT RUN" starttime="20220716 15:35:30.261" endtime="20220716 15:35:30.261"/>
</kw>
<status status="FAIL" starttime="20220716 15:35:30.257" endtime="20220716 15:35:30.262"/>
</kw>
<status status="FAIL" starttime="20220716 15:35:30.256" endtime="20220716 15:35:30.263"/>
</kw>
<kw name="When User navigates to setting page&gt;card management&gt; &quot;کارتهای من&quot; tab and tries to delete a card" library="cardManagement_steps">
<arg>${saved_transaction_card_num}</arg>
<status status="NOT RUN" starttime="20220716 15:35:30.264" endtime="20220716 15:35:30.264"/>
</kw>
<kw name="And Confirms deletion" library="cardManagement_steps">
<status status="NOT RUN" starttime="20220716 15:35:30.264" endtime="20220716 15:35:30.264"/>
</kw>
<kw name="Then Card will delete" library="cardManagement_steps">
<status status="NOT RUN" starttime="20220716 15:35:30.264" endtime="20220716 15:35:30.265"/>
</kw>
<kw name="And User will see proper message" library="cardManagement_steps">
<arg>${success_msg}</arg>
<status status="NOT RUN" starttime="20220716 15:35:30.265" endtime="20220716 15:35:30.265"/>
</kw>
<kw name="Close All Browsers" library="Selenium2Library" type="TEARDOWN">
<doc>Closes all open browsers and resets the browser cache.</doc>
<status status="PASS" starttime="20220716 15:35:30.265" endtime="20220716 15:35:30.266"/>
</kw>
<tag>login</tag>
<status status="FAIL" starttime="20220716 15:35:30.255" endtime="20220716 15:35:30.266">WebDriverException: Message: 'chromedriver.exe' executable needs to be in PATH. Please see https://sites.google.com/a/chromium.org/chromedriver/home
</status>
</test>
<test id="s1-s1-s1-s1-s1-t9" name="Delete a card from my cards" line="69">
<kw name="Given User is in setting page" library="cardManagement_steps">
<kw name=" Click on setting in homepage" library="cardManagement_helper">
<kw name="Create Webdriver" library="Selenium2Library">
<arg>Chrome</arg>
<arg>executable_path=C:\\Users\\f.bahramnejad\\Desktop\\TestAutomation\\web\\app\\helpers${/}../../../lib/chromedriver.exe</arg>
<doc>Creates an instance of Selenium WebDriver.</doc>
<msg timestamp="20220716 15:35:30.272" level="INFO">Creating an instance of the Chrome WebDriver.</msg>
<msg timestamp="20220716 15:35:30.272" level="INFO">Cannot capture screenshot because no browser is open.</msg>
<msg timestamp="20220716 15:35:30.273" level="FAIL">WebDriverException: Message: 'chromedriver.exe' executable needs to be in PATH. Please see https://sites.google.com/a/chromium.org/chromedriver/home
</msg>
<status status="FAIL" starttime="20220716 15:35:30.271" endtime="20220716 15:35:30.274"/>
</kw>
<kw name="Go To" library="Selenium2Library">
<arg>https://app.mydigipay.com/</arg>
<doc>Navigates the current browser window to the provided ``url``.</doc>
<status status="NOT RUN" starttime="20220716 15:35:30.274" endtime="20220716 15:35:30.274"/>
</kw>
<kw name="Sleep" library="BuiltIn">
<arg>25</arg>
<doc>Pauses the test executed for the given time.</doc>
<status status="NOT RUN" starttime="20220716 15:35:30.274" endtime="20220716 15:35:30.274"/>
</kw>
<kw name="Click Element" library="Selenium2Library">
<arg>${setting_page}</arg>
<doc>Click the element identified by ``locator``.</doc>
<status status="NOT RUN" starttime="20220716 15:35:30.274" endtime="20220716 15:35:30.274"/>
</kw>
<status status="FAIL" starttime="20220716 15:35:30.271" endtime="20220716 15:35:30.275"/>
</kw>
<status status="FAIL" starttime="20220716 15:35:30.270" endtime="20220716 15:35:30.276"/>
</kw>
<kw name="When User navigates to setting page&gt;card management&gt; &quot;کارتهای من&quot; tab and tries to delete a card" library="cardManagement_steps">
<arg>${card_num}</arg>
<status status="NOT RUN" starttime="20220716 15:35:30.277" endtime="20220716 15:35:30.277"/>
</kw>
<kw name="Then Card will delete" library="cardManagement_steps">
<status status="NOT RUN" starttime="20220716 15:35:30.277" endtime="20220716 15:35:30.278"/>
</kw>
<kw name="And User will see proper message" library="cardManagement_steps">
<arg>${success_msg}</arg>
<status status="NOT RUN" starttime="20220716 15:35:30.279" endtime="20220716 15:35:30.279"/>
</kw>
<kw name="Close All Browsers" library="Selenium2Library" type="TEARDOWN">
<doc>Closes all open browsers and resets the browser cache.</doc>
<status status="PASS" starttime="20220716 15:35:30.280" endtime="20220716 15:35:30.280"/>
</kw>
<tag>login</tag>
<status status="FAIL" starttime="20220716 15:35:30.269" endtime="20220716 15:35:30.280">WebDriverException: Message: 'chromedriver.exe' executable needs to be in PATH. Please see https://sites.google.com/a/chromium.org/chromedriver/home
</status>
</test>
<test id="s1-s1-s1-s1-s1-t10" name="Add a valid card to others cards in card management" line="76">
<kw name="Given User is in setting page" library="cardManagement_steps">
<kw name=" Click on setting in homepage" library="cardManagement_helper">
<kw name="Create Webdriver" library="Selenium2Library">
<arg>Chrome</arg>
<arg>executable_path=C:\\Users\\f.bahramnejad\\Desktop\\TestAutomation\\web\\app\\helpers${/}../../../lib/chromedriver.exe</arg>
<doc>Creates an instance of Selenium WebDriver.</doc>
<msg timestamp="20220716 15:35:30.286" level="INFO">Creating an instance of the Chrome WebDriver.</msg>
<msg timestamp="20220716 15:35:30.288" level="INFO">Cannot capture screenshot because no browser is open.</msg>
<msg timestamp="20220716 15:35:30.288" level="FAIL">WebDriverException: Message: 'chromedriver.exe' executable needs to be in PATH. Please see https://sites.google.com/a/chromium.org/chromedriver/home
</msg>
<status status="FAIL" starttime="20220716 15:35:30.285" endtime="20220716 15:35:30.289"/>
</kw>
<kw name="Go To" library="Selenium2Library">
<arg>https://app.mydigipay.com/</arg>
<doc>Navigates the current browser window to the provided ``url``.</doc>
<status status="NOT RUN" starttime="20220716 15:35:30.289" endtime="20220716 15:35:30.290"/>
</kw>
<kw name="Sleep" library="BuiltIn">
<arg>25</arg>
<doc>Pauses the test executed for the given time.</doc>
<status status="NOT RUN" starttime="20220716 15:35:30.290" endtime="20220716 15:35:30.290"/>
</kw>
<kw name="Click Element" library="Selenium2Library">
<arg>${setting_page}</arg>
<doc>Click the element identified by ``locator``.</doc>
<status status="NOT RUN" starttime="20220716 15:35:30.290" endtime="20220716 15:35:30.290"/>
</kw>
<status status="FAIL" starttime="20220716 15:35:30.285" endtime="20220716 15:35:30.290"/>
</kw>
<status status="FAIL" starttime="20220716 15:35:30.285" endtime="20220716 15:35:30.291"/>
</kw>
<kw name="When User navigates to setting page&gt;card management&gt; &quot;کارتهای دیگران&quot; , tries to add new card, enters valid card number and clicks on inquiry button" library="cardManagement_steps">
<arg>${others_card_num}</arg>
<status status="NOT RUN" starttime="20220716 15:35:30.292" endtime="20220716 15:35:30.292"/>
</kw>
<kw name="And User confirms card" library="cardManagement_steps">
<arg>${others_card_num}</arg>
<status status="NOT RUN" starttime="20220716 15:35:30.293" endtime="20220716 15:35:30.293"/>
</kw>
<kw name="Then User will see new card in saved cards" library="cardManagement_steps">
<status status="NOT RUN" starttime="20220716 15:35:30.293" endtime="20220716 15:35:30.293"/>
</kw>
<kw name="Close All Browsers" library="Selenium2Library" type="TEARDOWN">
<doc>Closes all open browsers and resets the browser cache.</doc>
<status status="PASS" starttime="20220716 15:35:30.294" endtime="20220716 15:35:30.294"/>
</kw>
<tag>login</tag>
<status status="FAIL" starttime="20220716 15:35:30.284" endtime="20220716 15:35:30.295">WebDriverException: Message: 'chromedriver.exe' executable needs to be in PATH. Please see https://sites.google.com/a/chromium.org/chromedriver/home
</status>
</test>
<test id="s1-s1-s1-s1-s1-t11" name="Add a card with invalid card number to others cards in card management" line="82">
<kw name="Given User is in setting page" library="cardManagement_steps">
<kw name=" Click on setting in homepage" library="cardManagement_helper">
<kw name="Create Webdriver" library="Selenium2Library">
<arg>Chrome</arg>
<arg>executable_path=C:\\Users\\f.bahramnejad\\Desktop\\TestAutomation\\web\\app\\helpers${/}../../../lib/chromedriver.exe</arg>
<doc>Creates an instance of Selenium WebDriver.</doc>
<msg timestamp="20220716 15:35:30.301" level="INFO">Creating an instance of the Chrome WebDriver.</msg>
<msg timestamp="20220716 15:35:30.302" level="INFO">Cannot capture screenshot because no browser is open.</msg>
<msg timestamp="20220716 15:35:30.302" level="FAIL">WebDriverException: Message: 'chromedriver.exe' executable needs to be in PATH. Please see https://sites.google.com/a/chromium.org/chromedriver/home
</msg>
<status status="FAIL" starttime="20220716 15:35:30.300" endtime="20220716 15:35:30.303"/>
</kw>
<kw name="Go To" library="Selenium2Library">
<arg>https://app.mydigipay.com/</arg>
<doc>Navigates the current browser window to the provided ``url``.</doc>
<status status="NOT RUN" starttime="20220716 15:35:30.303" endtime="20220716 15:35:30.303"/>
</kw>
<kw name="Sleep" library="BuiltIn">
<arg>25</arg>
<doc>Pauses the test executed for the given time.</doc>
<status status="NOT RUN" starttime="20220716 15:35:30.304" endtime="20220716 15:35:30.304"/>
</kw>
<kw name="Click Element" library="Selenium2Library">
<arg>${setting_page}</arg>
<doc>Click the element identified by ``locator``.</doc>
<status status="NOT RUN" starttime="20220716 15:35:30.304" endtime="20220716 15:35:30.304"/>
</kw>
<status status="FAIL" starttime="20220716 15:35:30.300" endtime="20220716 15:35:30.304"/>
</kw>
<status status="FAIL" starttime="20220716 15:35:30.299" endtime="20220716 15:35:30.305"/>
</kw>
<kw name="When User navigates to setting page&gt;card management&gt; &quot;کارتهای دیگران&quot; , tries to add new card, enters invalid card number and clicks on inquiry button" library="cardManagement_steps">
<arg>5555444433332222</arg>
<status status="NOT RUN" starttime="20220716 15:35:30.306" endtime="20220716 15:35:30.306"/>
</kw>
<kw name="Then User will see proper message" library="cardManagement_steps">
<arg>${invalid_card_num_error_msg}</arg>
<status status="NOT RUN" starttime="20220716 15:35:30.306" endtime="20220716 15:35:30.306"/>
</kw>
<kw name="Close All Browsers" library="Selenium2Library" type="TEARDOWN">
<doc>Closes all open browsers and resets the browser cache.</doc>
<status status="PASS" starttime="20220716 15:35:30.307" endtime="20220716 15:35:30.307"/>
</kw>
<tag>login</tag>
<status status="FAIL" starttime="20220716 15:35:30.298" endtime="20220716 15:35:30.307">WebDriverException: Message: 'chromedriver.exe' executable needs to be in PATH. Please see https://sites.google.com/a/chromium.org/chromedriver/home
</status>
</test>
<test id="s1-s1-s1-s1-s1-t12" name="Add a card to others cards in card management with empty card number" line="87">
<kw name="Given User is in setting page" library="cardManagement_steps">
<kw name=" Click on setting in homepage" library="cardManagement_helper">
<kw name="Create Webdriver" library="Selenium2Library">
<arg>Chrome</arg>
<arg>executable_path=C:\\Users\\f.bahramnejad\\Desktop\\TestAutomation\\web\\app\\helpers${/}../../../lib/chromedriver.exe</arg>
<doc>Creates an instance of Selenium WebDriver.</doc>
<msg timestamp="20220716 15:35:30.314" level="INFO">Creating an instance of the Chrome WebDriver.</msg>
<msg timestamp="20220716 15:35:30.315" level="INFO">Cannot capture screenshot because no browser is open.</msg>
<msg timestamp="20220716 15:35:30.315" level="FAIL">WebDriverException: Message: 'chromedriver.exe' executable needs to be in PATH. Please see https://sites.google.com/a/chromium.org/chromedriver/home
</msg>
<status status="FAIL" starttime="20220716 15:35:30.313" endtime="20220716 15:35:30.316"/>
</kw>
<kw name="Go To" library="Selenium2Library">
<arg>https://app.mydigipay.com/</arg>
<doc>Navigates the current browser window to the provided ``url``.</doc>
<status status="NOT RUN" starttime="20220716 15:35:30.316" endtime="20220716 15:35:30.316"/>
</kw>
<kw name="Sleep" library="BuiltIn">
<arg>25</arg>
<doc>Pauses the test executed for the given time.</doc>
<status status="NOT RUN" starttime="20220716 15:35:30.317" endtime="20220716 15:35:30.317"/>
</kw>
<kw name="Click Element" library="Selenium2Library">
<arg>${setting_page}</arg>
<doc>Click the element identified by ``locator``.</doc>
<status status="NOT RUN" starttime="20220716 15:35:30.317" endtime="20220716 15:35:30.317"/>
</kw>
<status status="FAIL" starttime="20220716 15:35:30.313" endtime="20220716 15:35:30.317"/>
</kw>
<status status="FAIL" starttime="20220716 15:35:30.312" endtime="20220716 15:35:30.318"/>
</kw>
<kw name="When User navigates to setting page&gt;card management&gt; &quot;کارتهای دیگران&quot;, tries to add new card, leaves card number empty" library="cardManagement_steps">
<status status="NOT RUN" starttime="20220716 15:35:30.319" endtime="20220716 15:35:30.319"/>
</kw>
<kw name="Then Inquiry button is not interactable" library="cardManagement_steps">
<status status="NOT RUN" starttime="20220716 15:35:30.319" endtime="20220716 15:35:30.319"/>
</kw>
<kw name="Close All Browsers" library="Selenium2Library" type="TEARDOWN">
<doc>Closes all open browsers and resets the browser cache.</doc>
<status status="PASS" starttime="20220716 15:35:30.320" endtime="20220716 15:35:30.320"/>
</kw>
<tag>login</tag>
<status status="FAIL" starttime="20220716 15:35:30.310" endtime="20220716 15:35:30.320">WebDriverException: Message: 'chromedriver.exe' executable needs to be in PATH. Please see https://sites.google.com/a/chromium.org/chromedriver/home
</status>
</test>
<test id="s1-s1-s1-s1-s1-t13" name="Add card to useful Cards" line="93">
<kw name="Given User is in setting page" library="cardManagement_steps">
<kw name=" Click on setting in homepage" library="cardManagement_helper">
<kw name="Create Webdriver" library="Selenium2Library">
<arg>Chrome</arg>
<arg>executable_path=C:\\Users\\f.bahramnejad\\Desktop\\TestAutomation\\web\\app\\helpers${/}../../../lib/chromedriver.exe</arg>
<doc>Creates an instance of Selenium WebDriver.</doc>
<msg timestamp="20220716 15:35:30.327" level="INFO">Creating an instance of the Chrome WebDriver.</msg>
<msg timestamp="20220716 15:35:30.328" level="INFO">Cannot capture screenshot because no browser is open.</msg>
<msg timestamp="20220716 15:35:30.328" level="FAIL">WebDriverException: Message: 'chromedriver.exe' executable needs to be in PATH. Please see https://sites.google.com/a/chromium.org/chromedriver/home
</msg>
<status status="FAIL" starttime="20220716 15:35:30.326" endtime="20220716 15:35:30.329"/>
</kw>
<kw name="Go To" library="Selenium2Library">
<arg>https://app.mydigipay.com/</arg>
<doc>Navigates the current browser window to the provided ``url``.</doc>
<status status="NOT RUN" starttime="20220716 15:35:30.330" endtime="20220716 15:35:30.330"/>
</kw>
<kw name="Sleep" library="BuiltIn">
<arg>25</arg>
<doc>Pauses the test executed for the given time.</doc>
<status status="NOT RUN" starttime="20220716 15:35:30.330" endtime="20220716 15:35:30.330"/>
</kw>
<kw name="Click Element" library="Selenium2Library">
<arg>${setting_page}</arg>
<doc>Click the element identified by ``locator``.</doc>
<status status="NOT RUN" starttime="20220716 15:35:30.330" endtime="20220716 15:35:30.330"/>
</kw>
<status status="FAIL" starttime="20220716 15:35:30.325" endtime="20220716 15:35:30.331"/>
</kw>
<status status="FAIL" starttime="20220716 15:35:30.324" endtime="20220716 15:35:30.331"/>
</kw>
<kw name="When User navigates to setting page&gt;card management&gt; &quot;کارتهای دیگران&quot; tab and tries to add a card to useful cards ${card_num}">
<status status="NOT RUN" starttime="20220716 15:35:30.338" endtime="20220716 15:35:30.338"/>
</kw>
<kw name="Then Card will add to useful cards" library="cardManagement_steps">
<status status="NOT RUN" starttime="20220716 15:35:30.339" endtime="20220716 15:35:30.339"/>
</kw>
<kw name="And User will see proper message ${success_message}">
<status status="NOT RUN" starttime="20220716 15:35:30.346" endtime="20220716 15:35:30.346"/>
</kw>
<kw name="Add card to useful Cards">
<status status="NOT RUN" starttime="20220716 15:35:30.353" endtime="20220716 15:35:30.353"/>
</kw>
<kw name="Given User is in setting page" library="cardManagement_steps">
<status status="NOT RUN" starttime="20220716 15:35:30.353" endtime="20220716 15:35:30.353"/>
</kw>
<kw name="When User navigates to setting page&gt;card management&gt; &quot;کارتهای دیگران&quot; tab and tries to delete a card from useful cards ${card_num}">
<status status="NOT RUN" starttime="20220716 15:35:30.361" endtime="20220716 15:35:30.361"/>
</kw>
<kw name="Then Card will delete from useful cards" library="cardManagement_steps">
<status status="NOT RUN" starttime="20220716 15:35:30.361" endtime="20220716 15:35:30.361"/>
</kw>
<kw name="And User will see proper message ${success_message}">
<status status="NOT RUN" starttime="20220716 15:35:30.366" endtime="20220716 15:35:30.366"/>
</kw>
<kw name="Close All Browsers" library="Selenium2Library" type="TEARDOWN">
<doc>Closes all open browsers and resets the browser cache.</doc>
<status status="PASS" starttime="20220716 15:35:30.367" endtime="20220716 15:35:30.367"/>
</kw>
<tag>login</tag>
<status status="FAIL" starttime="20220716 15:35:30.323" endtime="20220716 15:35:30.368">WebDriverException: Message: 'chromedriver.exe' executable needs to be in PATH. Please see https://sites.google.com/a/chromium.org/chromedriver/home
</status>
</test>
<test id="s1-s1-s1-s1-s1-t14" name="Delete a card from others cards that is binded to a saved transaction" line="107">
<kw name="Given User is in setting page" library="cardManagement_steps">
<kw name=" Click on setting in homepage" library="cardManagement_helper">
<kw name="Create Webdriver" library="Selenium2Library">
<arg>Chrome</arg>
<arg>executable_path=C:\\Users\\f.bahramnejad\\Desktop\\TestAutomation\\web\\app\\helpers${/}../../../lib/chromedriver.exe</arg>
<doc>Creates an instance of Selenium WebDriver.</doc>
<msg timestamp="20220716 15:35:30.372" level="INFO">Creating an instance of the Chrome WebDriver.</msg>
<msg timestamp="20220716 15:35:30.373" level="INFO">Cannot capture screenshot because no browser is open.</msg>
<msg timestamp="20220716 15:35:30.373" level="FAIL">WebDriverException: Message: 'chromedriver.exe' executable needs to be in PATH. Please see https://sites.google.com/a/chromium.org/chromedriver/home
</msg>
<status status="FAIL" starttime="20220716 15:35:30.372" endtime="20220716 15:35:30.374"/>
</kw>
<kw name="Go To" library="Selenium2Library">
<arg>https://app.mydigipay.com/</arg>
<doc>Navigates the current browser window to the provided ``url``.</doc>
<status status="NOT RUN" starttime="20220716 15:35:30.375" endtime="20220716 15:35:30.375"/>
</kw>
<kw name="Sleep" library="BuiltIn">
<arg>25</arg>
<doc>Pauses the test executed for the given time.</doc>
<status status="NOT RUN" starttime="20220716 15:35:30.375" endtime="20220716 15:35:30.375"/>
</kw>
<kw name="Click Element" library="Selenium2Library">
<arg>${setting_page}</arg>
<doc>Click the element identified by ``locator``.</doc>
<status status="NOT RUN" starttime="20220716 15:35:30.375" endtime="20220716 15:35:30.376"/>
</kw>
<status status="FAIL" starttime="20220716 15:35:30.371" endtime="20220716 15:35:30.376"/>
</kw>
<status status="FAIL" starttime="20220716 15:35:30.371" endtime="20220716 15:35:30.377"/>
</kw>
<kw name="When User navigates to setting page&gt;card management&gt; &quot;کارتهای دیگران&quot; tab and tries to delete a card ${card_num}">
<status status="NOT RUN" starttime="20220716 15:35:30.384" endtime="20220716 15:35:30.384"/>
</kw>
<kw name="And Confirms deletion" library="cardManagement_steps">
<status status="NOT RUN" starttime="20220716 15:35:30.384" endtime="20220716 15:35:30.384"/>
</kw>
<kw name="Then Card will delete" library="cardManagement_steps">
<status status="NOT RUN" starttime="20220716 15:35:30.385" endtime="20220716 15:35:30.385"/>
</kw>
<kw name="And User will see proper message ${success_msg}">
<status status="NOT RUN" starttime="20220716 15:35:30.389" endtime="20220716 15:35:30.389"/>
</kw>
<kw name="Close All Browsers" library="Selenium2Library" type="TEARDOWN">
<doc>Closes all open browsers and resets the browser cache.</doc>
<status status="PASS" starttime="20220716 15:35:30.390" endtime="20220716 15:35:30.390"/>
</kw>
<tag>login</tag>
<status status="FAIL" starttime="20220716 15:35:30.370" endtime="20220716 15:35:30.390">WebDriverException: Message: 'chromedriver.exe' executable needs to be in PATH. Please see https://sites.google.com/a/chromium.org/chromedriver/home
</status>
</test>
<test id="s1-s1-s1-s1-s1-t15" name="Delete a card from others cards" line="114">
<kw name="Given User is in setting page" library="cardManagement_steps">
<kw name=" Click on setting in homepage" library="cardManagement_helper">
<kw name="Create Webdriver" library="Selenium2Library">
<arg>Chrome</arg>
<arg>executable_path=C:\\Users\\f.bahramnejad\\Desktop\\TestAutomation\\web\\app\\helpers${/}../../../lib/chromedriver.exe</arg>
<doc>Creates an instance of Selenium WebDriver.</doc>
<msg timestamp="20220716 15:35:30.395" level="INFO">Creating an instance of the Chrome WebDriver.</msg>
<msg timestamp="20220716 15:35:30.396" level="INFO">Cannot capture screenshot because no browser is open.</msg>
<msg timestamp="20220716 15:35:30.396" level="FAIL">WebDriverException: Message: 'chromedriver.exe' executable needs to be in PATH. Please see https://sites.google.com/a/chromium.org/chromedriver/home
</msg>
<status status="FAIL" starttime="20220716 15:35:30.395" endtime="20220716 15:35:30.397"/>
</kw>
<kw name="Go To" library="Selenium2Library">
<arg>https://app.mydigipay.com/</arg>
<doc>Navigates the current browser window to the provided ``url``.</doc>
<status status="NOT RUN" starttime="20220716 15:35:30.398" endtime="20220716 15:35:30.398"/>
</kw>
<kw name="Sleep" library="BuiltIn">
<arg>25</arg>
<doc>Pauses the test executed for the given time.</doc>
<status status="NOT RUN" starttime="20220716 15:35:30.398" endtime="20220716 15:35:30.398"/>
</kw>
<kw name="Click Element" library="Selenium2Library">
<arg>${setting_page}</arg>
<doc>Click the element identified by ``locator``.</doc>
<status status="NOT RUN" starttime="20220716 15:35:30.398" endtime="20220716 15:35:30.398"/>
</kw>
<status status="FAIL" starttime="20220716 15:35:30.394" endtime="20220716 15:35:30.399"/>
</kw>
<status status="FAIL" starttime="20220716 15:35:30.394" endtime="20220716 15:35:30.399"/>
</kw>
<kw name="When User navigates to setting page&gt;card management&gt; &quot;کارتهای دیگران&quot; tab and tries to delete a card ${card_num}">
<status status="NOT RUN" starttime="20220716 15:35:30.406" endtime="20220716 15:35:30.406"/>
</kw>
<kw name="Then Card will delete" library="cardManagement_steps">
<status status="NOT RUN" starttime="20220716 15:35:30.406" endtime="20220716 15:35:30.406"/>
</kw>
<kw name="And User will see proper message ${success_msg}">
<status status="NOT RUN" starttime="20220716 15:35:30.412" endtime="20220716 15:35:30.412"/>
</kw>
<kw name="Close All Browsers" library="Selenium2Library" type="TEARDOWN">
<doc>Closes all open browsers and resets the browser cache.</doc>
<status status="PASS" starttime="20220716 15:35:30.413" endtime="20220716 15:35:30.413"/>
</kw>
<tag>login</tag>
<status status="FAIL" starttime="20220716 15:35:30.393" endtime="20220716 15:35:30.413">WebDriverException: Message: 'chromedriver.exe' executable needs to be in PATH. Please see https://sites.google.com/a/chromium.org/chromedriver/home
</status>
</test>
<doc>This file includes test cases related to card amnagement requirement</doc>
<status status="FAIL" starttime="20220716 15:35:29.794" endtime="20220716 15:35:30.416"/>
</suite>
<status status="FAIL" starttime="20220716 15:35:29.789" endtime="20220716 15:35:30.420"/>
</suite>
<status status="FAIL" starttime="20220716 15:35:29.784" endtime="20220716 15:35:30.426"/>
</suite>
<status status="FAIL" starttime="20220716 15:35:29.780" endtime="20220716 15:35:30.429"/>
</suite>
<status status="FAIL" starttime="20220716 15:35:29.751" endtime="20220716 15:35:30.431"/>
</suite>
<statistics>
<total>
<stat pass="0" fail="15" skip="0">All Tests</stat>
</total>
<tag>
<stat pass="0" fail="15" skip="0">login</stat>
</tag>
<suite>
<stat pass="0" fail="15" skip="0" id="s1" name="TestAutomation">TestAutomation</stat>
<stat pass="0" fail="15" skip="0" id="s1-s1" name="Web">TestAutomation.Web</stat>
<stat pass="0" fail="15" skip="0" id="s1-s1-s1" name="App">TestAutomation.Web.App</stat>
<stat pass="0" fail="15" skip="0" id="s1-s1-s1-s1" name="Features">TestAutomation.Web.App.Features</stat>
<stat pass="0" fail="15" skip="0" id="s1-s1-s1-s1-s1" name="cardManagement">TestAutomation.Web.App.Features.cardManagement</stat>
</suite>
</statistics>
<errors>
<msg timestamp="20220716 15:35:29.810" level="ERROR">Error in file 'C:\Users\f.bahramnejad\Desktop\TestAutomation\web\app\steps\cardManagement_steps.robot' on line 22: Creating keyword '[Arguments]' failed: Keyword with same name defined multiple times.</msg>
<msg timestamp="20220716 15:35:29.811" level="ERROR">Error in file 'C:\Users\f.bahramnejad\Desktop\TestAutomation\web\app\steps\cardManagement_steps.robot' on line 26: Creating keyword '[Arguments]' failed: Keyword with same name defined multiple times.</msg>
<msg timestamp="20220716 15:35:29.812" level="ERROR">Error in file 'C:\Users\f.bahramnejad\Desktop\TestAutomation\web\app\steps\cardManagement_steps.robot' on line 30: Creating keyword '[Arguments]' failed: Keyword with same name defined multiple times.</msg>
<msg timestamp="20220716 15:35:29.813" level="ERROR">Error in file 'C:\Users\f.bahramnejad\Desktop\TestAutomation\web\app\steps\cardManagement_steps.robot' on line 37: Creating keyword ' [Arguments]' failed: Keyword with same name defined multiple times.</msg>
<msg timestamp="20220716 15:35:29.813" level="ERROR">Error in file 'C:\Users\f.bahramnejad\Desktop\TestAutomation\web\app\steps\cardManagement_steps.robot' on line 44: Creating keyword '[Arguments]' failed: Keyword with same name defined multiple times.</msg>
<msg timestamp="20220716 15:35:29.814" level="ERROR">Error in file 'C:\Users\f.bahramnejad\Desktop\TestAutomation\web\app\steps\cardManagement_steps.robot' on line 48: Creating keyword '[Arguments]' failed: Keyword with same name defined multiple times.</msg>
<msg timestamp="20220716 15:35:29.815" level="ERROR">Error in file 'C:\Users\f.bahramnejad\Desktop\TestAutomation\web\app\steps\cardManagement_steps.robot' on line 65: Creating keyword '[Arguments]' failed: Keyword with same name defined multiple times.</msg>
<msg timestamp="20220716 15:35:29.816" level="ERROR">Error in file 'C:\Users\f.bahramnejad\Desktop\TestAutomation\web\app\steps\cardManagement_steps.robot' on line 73: Creating keyword '[Arguments]' failed: Keyword with same name defined multiple times.</msg>
<msg timestamp="20220716 15:35:29.818" level="ERROR">Error in file 'C:\Users\f.bahramnejad\Desktop\TestAutomation\web\app\steps\cardManagement_steps.robot' on line 99: Creating keyword '[Arguments]' failed: Keyword with same name defined multiple times.</msg>
<msg timestamp="20220716 15:35:29.819" level="ERROR">Error in file 'C:\Users\f.bahramnejad\Desktop\TestAutomation\web\app\steps\cardManagement_steps.robot' on line 122: Creating keyword 'When User navigates to setting page&gt;card management&gt; "کارتهای دیگران" tab and tries to add a card to useful cards' failed: Keyword with same name defined multiple times.</msg>
<msg timestamp="20220716 15:35:29.831" level="ERROR">Error in file 'C:\Users\f.bahramnejad\Desktop\TestAutomation\web\app\helpers\cardManagement_helper.resource' on line 97: Non-existing setting 'Argument'. Did you mean:
    Arguments</msg>
<msg timestamp="20220716 15:35:29.835" level="ERROR">Error in file 'C:\Users\f.bahramnejad\Desktop\TestAutomation\web\app\helpers\cardManagement_helper.resource' on line 65: Creating keyword '[Arguments]' failed: Keyword with same name defined multiple times.</msg>
<msg timestamp="20220716 15:35:29.837" level="ERROR">Error in file 'C:\Users\f.bahramnejad\Desktop\TestAutomation\web\app\helpers\cardManagement_helper.resource' on line 79: Creating keyword '[Arguments]' failed: Keyword with same name defined multiple times.</msg>
<msg timestamp="20220716 15:35:29.838" level="ERROR">Error in file 'C:\Users\f.bahramnejad\Desktop\TestAutomation\web\app\helpers\cardManagement_helper.resource' on line 86: Creating keyword '[Arguments]' failed: Keyword with same name defined multiple times.</msg>
<msg timestamp="20220716 15:35:29.840" level="ERROR">Error in file 'C:\Users\f.bahramnejad\Desktop\TestAutomation\web\app\helpers\cardManagement_helper.resource' on line 113: Creating keyword '[Arguments]' failed: Keyword with same name defined multiple times.</msg>
<msg timestamp="20220716 15:35:29.841" level="ERROR">Error in file 'C:\Users\f.bahramnejad\Desktop\TestAutomation\web\app\helpers\cardManagement_helper.resource' on line 119: Creating keyword '[Arguments]' failed: Keyword with same name defined multiple times.</msg>
<msg timestamp="20220716 15:35:29.842" level="ERROR">Error in file 'C:\Users\f.bahramnejad\Desktop\TestAutomation\web\app\helpers\cardManagement_helper.resource' on line 123: Creating keyword '[Arguments]' failed: Keyword with same name defined multiple times.</msg>
<msg timestamp="20220716 15:35:30.129" level="ERROR">Error in file 'C:\Users\f.bahramnejad\Desktop\TestAutomation\web\app\steps\cardManagement_steps.robot' on line 3: Resource file 'C:\Users\f.bahramnejad\Desktop\TestAutomation\web\app\helpers\home_helper.resource' does not exist.</msg>
<msg timestamp="20220716 15:35:30.129" level="ERROR">Error in file 'C:\Users\f.bahramnejad\Desktop\TestAutomation\web\app\features\cardManagement.robot' on line 5: Resource file 'C:\Users\f.bahramnejad\Desktop\TestAutomation\resources\all.resource' does not exist.</msg>
<msg timestamp="20220716 15:35:30.323" level="WARN">Multiple tests with name 'Add card to useful Cards' executed in suite 'TestAutomation.Web.App.Features.cardManagement'.</msg>
</errors>
</robot>
